D:\VISUAL STUDIO\SKOLEARBEID\3A\PLANETARIUM\DEBUG\PLANETARIUM.EXE
D:\VISUAL STUDIO\SKOLEARBEID\3A\PLANETARIUM\DEBUG\PLANETARIUM.ILK
D:\VISUAL STUDIO\SKOLEARBEID\3A\PLANETARIUM\DEBUG\PLANETARIUM.PDB
D:\VISUAL STUDIO\SKOLEARBEID\3A\PLANETARIUM\PLANETARIUM\DEBUG\BOILERPLATE.OBJ
D:\VISUAL STUDIO\SKOLEARBEID\3A\PLANETARIUM\PLANETARIUM\DEBUG\CAMERA.OBJ
D:\Visual Studio\Skolearbeid\3a\Planetarium\Planetarium\Debug\cl.command.1.tlog
D:\Visual Studio\Skolearbeid\3a\Planetarium\Planetarium\Debug\CL.read.1.tlog
D:\Visual Studio\Skolearbeid\3a\Planetarium\Planetarium\Debug\CL.write.1.tlog
D:\Visual Studio\Skolearbeid\3a\Planetarium\Planetarium\Debug\link.2164.read.1.tlog
D:\Visual Studio\Skolearbeid\3a\Planetarium\Planetarium\Debug\link.2164.write.1.tlog
D:\Visual Studio\Skolearbeid\3a\Planetarium\Planetarium\Debug\link.2164-cvtres.read.1.tlog
D:\Visual Studio\Skolearbeid\3a\Planetarium\Planetarium\Debug\link.2164-cvtres.write.1.tlog
D:\Visual Studio\Skolearbeid\3a\Planetarium\Planetarium\Debug\link.2468.read.1.tlog
D:\Visual Studio\Skolearbeid\3a\Planetarium\Planetarium\Debug\link.2468.write.1.tlog
D:\Visual Studio\Skolearbeid\3a\Planetarium\Planetarium\Debug\link.2468-cvtres.read.1.tlog
D:\Visual Studio\Skolearbeid\3a\Planetarium\Planetarium\Debug\link.2468-cvtres.write.1.tlog
D:\Visual Studio\Skolearbeid\3a\Planetarium\Planetarium\Debug\link.3404.read.1.tlog
D:\Visual Studio\Skolearbeid\3a\Planetarium\Planetarium\Debug\link.3404.write.1.tlog
D:\Visual Studio\Skolearbeid\3a\Planetarium\Planetarium\Debug\link.3404-cvtres.read.1.tlog
D:\Visual Studio\Skolearbeid\3a\Planetarium\Planetarium\Debug\link.3404-cvtres.write.1.tlog
D:\Visual Studio\Skolearbeid\3a\Planetarium\Planetarium\Debug\link.3852.read.1.tlog
D:\Visual Studio\Skolearbeid\3a\Planetarium\Planetarium\Debug\link.3852.write.1.tlog
D:\Visual Studio\Skolearbeid\3a\Planetarium\Planetarium\Debug\link.3852-cvtres.read.1.tlog
D:\Visual Studio\Skolearbeid\3a\Planetarium\Planetarium\Debug\link.3852-cvtres.write.1.tlog
D:\Visual Studio\Skolearbeid\3a\Planetarium\Planetarium\Debug\link.4052.read.1.tlog
D:\Visual Studio\Skolearbeid\3a\Planetarium\Planetarium\Debug\link.4052.write.1.tlog
D:\Visual Studio\Skolearbeid\3a\Planetarium\Planetarium\Debug\link.4052-cvtres.read.1.tlog
D:\Visual Studio\Skolearbeid\3a\Planetarium\Planetarium\Debug\link.4052-cvtres.write.1.tlog
D:\Visual Studio\Skolearbeid\3a\Planetarium\Planetarium\Debug\link.4160.read.1.tlog
D:\Visual Studio\Skolearbeid\3a\Planetarium\Planetarium\Debug\link.4160.write.1.tlog
D:\Visual Studio\Skolearbeid\3a\Planetarium\Planetarium\Debug\link.4160-cvtres.read.1.tlog
D:\Visual Studio\Skolearbeid\3a\Planetarium\Planetarium\Debug\link.4160-cvtres.write.1.tlog
D:\Visual Studio\Skolearbeid\3a\Planetarium\Planetarium\Debug\link.420.read.1.tlog
D:\Visual Studio\Skolearbeid\3a\Planetarium\Planetarium\Debug\link.420.write.1.tlog
D:\Visual Studio\Skolearbeid\3a\Planetarium\Planetarium\Debug\link.420-cvtres.read.1.tlog
D:\Visual Studio\Skolearbeid\3a\Planetarium\Planetarium\Debug\link.420-cvtres.write.1.tlog
D:\Visual Studio\Skolearbeid\3a\Planetarium\Planetarium\Debug\link.4452.read.1.tlog
D:\Visual Studio\Skolearbeid\3a\Planetarium\Planetarium\Debug\link.4452.write.1.tlog
D:\Visual Studio\Skolearbeid\3a\Planetarium\Planetarium\Debug\link.4452-cvtres.read.1.tlog
D:\Visual Studio\Skolearbeid\3a\Planetarium\Planetarium\Debug\link.4452-cvtres.write.1.tlog
D:\Visual Studio\Skolearbeid\3a\Planetarium\Planetarium\Debug\link.5208.read.1.tlog
D:\Visual Studio\Skolearbeid\3a\Planetarium\Planetarium\Debug\link.5208.write.1.tlog
D:\Visual Studio\Skolearbeid\3a\Planetarium\Planetarium\Debug\link.5208-cvtres.read.1.tlog
D:\Visual Studio\Skolearbeid\3a\Planetarium\Planetarium\Debug\link.5208-cvtres.write.1.tlog
D:\Visual Studio\Skolearbeid\3a\Planetarium\Planetarium\Debug\link.5908.read.1.tlog
D:\Visual Studio\Skolearbeid\3a\Planetarium\Planetarium\Debug\link.5908.write.1.tlog
D:\Visual Studio\Skolearbeid\3a\Planetarium\Planetarium\Debug\link.5908-cvtres.read.1.tlog
D:\Visual Studio\Skolearbeid\3a\Planetarium\Planetarium\Debug\link.5908-cvtres.write.1.tlog
D:\Visual Studio\Skolearbeid\3a\Planetarium\Planetarium\Debug\link.6100.read.1.tlog
D:\Visual Studio\Skolearbeid\3a\Planetarium\Planetarium\Debug\link.6100.write.1.tlog
D:\Visual Studio\Skolearbeid\3a\Planetarium\Planetarium\Debug\link.6100-cvtres.read.1.tlog
D:\Visual Studio\Skolearbeid\3a\Planetarium\Planetarium\Debug\link.6100-cvtres.write.1.tlog
D:\Visual Studio\Skolearbeid\3a\Planetarium\Planetarium\Debug\link.6172.read.1.tlog
D:\Visual Studio\Skolearbeid\3a\Planetarium\Planetarium\Debug\link.6172.write.1.tlog
D:\Visual Studio\Skolearbeid\3a\Planetarium\Planetarium\Debug\link.6172-cvtres.read.1.tlog
D:\Visual Studio\Skolearbeid\3a\Planetarium\Planetarium\Debug\link.6172-cvtres.write.1.tlog
D:\Visual Studio\Skolearbeid\3a\Planetarium\Planetarium\Debug\link.6384.read.1.tlog
D:\Visual Studio\Skolearbeid\3a\Planetarium\Planetarium\Debug\link.6384.write.1.tlog
D:\Visual Studio\Skolearbeid\3a\Planetarium\Planetarium\Debug\link.6384-cvtres.read.1.tlog
D:\Visual Studio\Skolearbeid\3a\Planetarium\Planetarium\Debug\link.6384-cvtres.write.1.tlog
D:\Visual Studio\Skolearbeid\3a\Planetarium\Planetarium\Debug\link.command.1.tlog
D:\Visual Studio\Skolearbeid\3a\Planetarium\Planetarium\Debug\link.read.1.tlog
D:\Visual Studio\Skolearbeid\3a\Planetarium\Planetarium\Debug\link.write.1.tlog
D:\Visual Studio\Skolearbeid\3a\Planetarium\Planetarium\Debug\link-cvtres.read.1.tlog
D:\Visual Studio\Skolearbeid\3a\Planetarium\Planetarium\Debug\link-cvtres.write.1.tlog
D:\VISUAL STUDIO\SKOLEARBEID\3A\PLANETARIUM\PLANETARIUM\DEBUG\MAIN.OBJ
D:\VISUAL STUDIO\SKOLEARBEID\3A\PLANETARIUM\PLANETARIUM\DEBUG\MODEL.OBJ
D:\Visual Studio\Skolearbeid\3a\Planetarium\Planetarium\Debug\mt.command.1.tlog
D:\Visual Studio\Skolearbeid\3a\Planetarium\Planetarium\Debug\mt.read.1.tlog
D:\Visual Studio\Skolearbeid\3a\Planetarium\Planetarium\Debug\mt.write.1.tlog
D:\VISUAL STUDIO\SKOLEARBEID\3A\PLANETARIUM\PLANETARIUM\DEBUG\PLANET.OBJ
D:\VISUAL STUDIO\SKOLEARBEID\3A\PLANETARIUM\PLANETARIUM\DEBUG\PLANETARIUM.EXE.EMBED.MANIFEST
D:\VISUAL STUDIO\SKOLEARBEID\3A\PLANETARIUM\PLANETARIUM\DEBUG\PLANETARIUM.EXE.EMBED.MANIFEST.RES
D:\VISUAL STUDIO\SKOLEARBEID\3A\PLANETARIUM\PLANETARIUM\DEBUG\PLANETARIUM.EXE.INTERMEDIATE.MANIFEST
D:\Visual Studio\Skolearbeid\3a\Planetarium\Planetarium\Debug\Planetarium_manifest.rc
D:\Visual Studio\Skolearbeid\3a\Planetarium\Planetarium\Debug\rc.command.1.tlog
D:\Visual Studio\Skolearbeid\3a\Planetarium\Planetarium\Debug\rc.read.1.tlog
D:\Visual Studio\Skolearbeid\3a\Planetarium\Planetarium\Debug\rc.write.1.tlog
D:\VISUAL STUDIO\SKOLEARBEID\3A\PLANETARIUM\PLANETARIUM\DEBUG\USERINPUT.OBJ
D:\Visual Studio\Skolearbeid\3a\Planetarium\Planetarium\Debug\vc100.idb
D:\VISUAL STUDIO\SKOLEARBEID\3A\PLANETARIUM\PLANETARIUM\DEBUG\VC100.PDB
